<?xml version="1.0" encoding="utf-8"?><testsuites><testsuite name="pytest" errors="0" failures="0" skipped="5" tests="62" time="383.168" timestamp="2025-02-03T08:51:59.781255+00:00" hostname="fv-az844-842"><testcase classname="tests.functional.test_appointments" name="test_apt_all" time="5.198" /><testcase classname="tests.functional.test_appointments" name="test_apt" time="9.478" /><testcase classname="tests.functional.test_appointments" name="test_apt_new" time="10.367" /><testcase classname="tests.functional.test_appointments" name="test_apt_new_post" time="18.005" /><testcase classname="tests.functional.test_appointments" name="test_apt_new_post_email" time="0.001"><skipped type="pytest.skip" message="Test doesn't work in Github Actions.">D:\a\babylab-redcap\babylab-redcap\tests\functional\test_appointments.py:41: Test doesn't work in Github Actions.</skipped></testcase><testcase classname="tests.functional.test_appointments" name="test_apt_mod" time="13.672" /><testcase classname="tests.functional.test_appointments" name="test_apt_mod_post" time="15.679" /><testcase classname="tests.functional.test_appointments" name="test_apt_mod_post_email" time="0.001"><skipped type="pytest.skip" message="Test doesn't work in Github Actions.">D:\a\babylab-redcap\babylab-redcap\tests\functional\test_appointments.py:79: Test doesn't work in Github Actions.</skipped></testcase><testcase classname="tests.functional.test_general" name="test_index_page" time="0.532" /><testcase classname="tests.functional.test_general" name="test_index_page_token" time="7.038" /><testcase classname="tests.functional.test_general" name="test_dashboard_page" time="7.319" /><testcase classname="tests.functional.test_general" name="test_studies" time="6.373" /><testcase classname="tests.functional.test_general" name="test_studies_input" time="9.987" /><testcase classname="tests.functional.test_general" name="test_calendar" time="5.368" /><testcase classname="tests.functional.test_general" name="test_other_backup" time="4.664" /><testcase classname="tests.functional.test_general" name="test_other" time="7.062" /><testcase classname="tests.functional.test_participants" name="test_ppt_all" time="6.377" /><testcase classname="tests.functional.test_participants" name="test_ppt" time="7.958" /><testcase classname="tests.functional.test_participants" name="test_ppt_new" time="4.793" /><testcase classname="tests.functional.test_participants" name="test_ppt_new_post" time="13.806" /><testcase classname="tests.functional.test_participants" name="test_ppt_mod" time="11.294" /><testcase classname="tests.functional.test_participants" name="test_ppt_mod_post" time="12.874" /><testcase classname="tests.functional.test_questionnaires" name="test_ques_all" time="5.529" /><testcase classname="tests.functional.test_questionnaires" name="test_que" time="10.683" /><testcase classname="tests.functional.test_questionnaires" name="test_que_new" time="10.141" /><testcase classname="tests.functional.test_questionnaires" name="test_que_new_post" time="14.706" /><testcase classname="tests.functional.test_questionnaires" name="test_que_mod" time="9.364" /><testcase classname="tests.functional.test_questionnaires" name="test_que_mod_post" time="16.818" /><testcase classname="tests.unit.test_api" name="test_post_request" time="0.404" /><testcase classname="tests.unit.test_api" name="test_redcap_version" time="0.847" /><testcase classname="tests.unit.test_api" name="test_datetimes_to_str" time="0.001" /><testcase classname="tests.unit.test_api" name="test_get_data_dict" time="0.530" /><testcase classname="tests.unit.test_api" name="test_get_participant" time="5.603" /><testcase classname="tests.unit.test_api" name="test_get_records" time="4.151" /><testcase classname="tests.unit.test_api" name="test_add_participant" time="6.349" /><testcase classname="tests.unit.test_api" name="test_add_participant_modifying" time="4.893" /><testcase classname="tests.unit.test_api" name="test_delete_participant" time="9.404" /><testcase classname="tests.unit.test_api" name="test_add_appointment" time="6.982" /><testcase classname="tests.unit.test_api" name="test_add_appointment_modifying" time="5.532" /><testcase classname="tests.unit.test_api" name="test_delete_appointment" time="10.888" /><testcase classname="tests.unit.test_api" name="test_add_questionnaire" time="5.354" /><testcase classname="tests.unit.test_api" name="test_add_questionnaire_mod" time="5.108" /><testcase classname="tests.unit.test_api" name="test_delete_questionnaire" time="9.406" /><testcase classname="tests.unit.test_api" name="test_redcap_backup" time="6.611" /><testcase classname="tests.unit.test_calendar" name="test_get_age" time="0.004" /><testcase classname="tests.unit.test_calendar" name="test_get_birth_date" time="0.001" /><testcase classname="tests.unit.test_models" name="test_participant_class" time="5.211" /><testcase classname="tests.unit.test_models" name="test_appointment_class" time="3.806" /><testcase classname="tests.unit.test_models" name="test_questionnaire_class" time="4.060" /><testcase classname="tests.unit.test_models" name="test_records_class" time="5.283" /><testcase classname="tests.unit.test_models" name="test_recordlist_class_participants" time="4.552" /><testcase classname="tests.unit.test_models" name="test_recordlist_class_appointments" time="5.811" /><testcase classname="tests.unit.test_models" name="test_recordlist_class_questionnaires" time="7.244" /><testcase classname="tests.unit.test_models" name="test_records_class_participants" time="4.576" /><testcase classname="tests.unit.test_models" name="test_records_class_appointments" time="3.941" /><testcase classname="tests.unit.test_models" name="test_records_class_questionnaires" time="5.015" /><testcase classname="tests.unit.test_outlook" name="test_email_validation" time="0.001"><skipped type="pytest.skip" message="Test doesn't work in Github Actions or OS other than Windows.">D:\a\babylab-redcap\babylab-redcap\tests\unit\test_outlook.py:14: Test doesn't work in Github Actions or OS other than Windows.</skipped></testcase><testcase classname="tests.unit.test_outlook" name="test_compose_outlook" time="5.547" /><testcase classname="tests.unit.test_outlook" name="test_send_email" time="0.000"><skipped type="pytest.skip" message="Test doesn't work in Github Actions or OS other than Windows.">D:\a\babylab-redcap\babylab-redcap\tests\unit\test_outlook.py:59: Test doesn't work in Github Actions or OS other than Windows.</skipped></testcase><testcase classname="tests.unit.test_outlook" name="test_create_event" time="0.001"><skipped type="pytest.skip" message="Test doesn't work in Github Actions or OS other than Windows.">D:\a\babylab-redcap\babylab-redcap\tests\unit\test_outlook.py:94: Test doesn't work in Github Actions or OS other than Windows.</skipped></testcase><testcase classname="tests.unit.test_utils" name="test_format_percentage" time="0.001" /><testcase classname="tests.unit.test_utils" name="test_format_taxi_isbooked" time="0.001" /></testsuite></testsuites>