<?xml version="1.0" encoding="utf-8"?><testsuites><testsuite name="pytest" errors="0" failures="0" skipped="0" tests="62" time="713.684" timestamp="2025-04-24T18:02:21.417212+00:00" hostname="fv-az836-87"><testcase classname="tests.functional.test_appointments" name="test_apt_all" time="6.846" /><testcase classname="tests.functional.test_appointments" name="test_apt" time="21.181" /><testcase classname="tests.functional.test_appointments" name="test_apt_new" time="13.033" /><testcase classname="tests.functional.test_appointments" name="test_apt_new_post" time="23.997" /><testcase classname="tests.functional.test_appointments" name="test_apt_mod" time="14.733" /><testcase classname="tests.functional.test_appointments" name="test_apt_mod_post" time="27.329" /><testcase classname="tests.functional.test_general" name="test_index_page" time="0.569" /><testcase classname="tests.functional.test_general" name="test_index_page_token" time="8.116" /><testcase classname="tests.functional.test_general" name="test_dashboard_page" time="9.822" /><testcase classname="tests.functional.test_general" name="test_studies" time="7.566" /><testcase classname="tests.functional.test_general" name="test_studies_input" time="15.567" /><testcase classname="tests.functional.test_general" name="test_calendar" time="6.997" /><testcase classname="tests.functional.test_general" name="test_other_backup" time="6.289" /><testcase classname="tests.functional.test_general" name="test_other" time="7.272" /><testcase classname="tests.functional.test_participants" name="test_ppt_all" time="7.094" /><testcase classname="tests.functional.test_participants" name="test_ppt" time="12.524" /><testcase classname="tests.functional.test_participants" name="test_ppt_new" time="10.047" /><testcase classname="tests.functional.test_participants" name="test_ppt_new_post" time="37.431" /><testcase classname="tests.functional.test_participants" name="test_ppt_mod" time="11.772" /><testcase classname="tests.functional.test_participants" name="test_ppt_mod_post" time="19.285" /><testcase classname="tests.functional.test_questionnaires" name="test_ques_all" time="8.587" /><testcase classname="tests.functional.test_questionnaires" name="test_que" time="18.654" /><testcase classname="tests.functional.test_questionnaires" name="test_que_new" time="15.777" /><testcase classname="tests.functional.test_questionnaires" name="test_que_new_post" time="25.757" /><testcase classname="tests.functional.test_questionnaires" name="test_que_mod" time="14.172" /><testcase classname="tests.functional.test_questionnaires" name="test_que_mod_post" time="24.037" /><testcase classname="tests.unit.test_api" name="test_post_request" time="0.675" /><testcase classname="tests.unit.test_api" name="test_redcap_version" time="1.130" /><testcase classname="tests.unit.test_api" name="test_datetimes_to_str" time="0.001" /><testcase classname="tests.unit.test_api" name="test_get_data_dict" time="6.979" /><testcase classname="tests.unit.test_api" name="test_make_id" time="0.001" /><testcase classname="tests.unit.test_api" name="test_get_participant" time="10.921" /><testcase classname="tests.unit.test_api" name="test_get_appointment" time="15.494" /><testcase classname="tests.unit.test_api" name="test_get_questionnaire" time="35.349" /><testcase classname="tests.unit.test_api" name="test_get_records" time="46.853" /><testcase classname="tests.unit.test_api" name="test_add_participant" time="5.954" /><testcase classname="tests.unit.test_api" name="test_add_participant_modifying" time="5.927" /><testcase classname="tests.unit.test_api" name="test_delete_participant" time="13.422" /><testcase classname="tests.unit.test_api" name="test_add_appointment" time="7.921" /><testcase classname="tests.unit.test_api" name="test_add_appointment_modifying" time="6.283" /><testcase classname="tests.unit.test_api" name="test_delete_appointment" time="14.331" /><testcase classname="tests.unit.test_api" name="test_add_questionnaire" time="9.460" /><testcase classname="tests.unit.test_api" name="test_add_questionnaire_mod" time="7.218" /><testcase classname="tests.unit.test_api" name="test_delete_questionnaire" time="11.743" /><testcase classname="tests.unit.test_api" name="test_redcap_backup" time="68.757" /><testcase classname="tests.unit.test_calendar" name="test_get_age" time="2.610" /><testcase classname="tests.unit.test_models" name="test_participant_class" time="6.775" /><testcase classname="tests.unit.test_models" name="test_appointment_class" time="6.449" /><testcase classname="tests.unit.test_models" name="test_questionnaire_class" time="6.558" /><testcase classname="tests.unit.test_models" name="test_records_class" time="5.157" /><testcase classname="tests.unit.test_models" name="test_recordlist_class_participants" time="5.703" /><testcase classname="tests.unit.test_models" name="test_recordlist_class_appointments" time="6.133" /><testcase classname="tests.unit.test_models" name="test_recordlist_class_questionnaires" time="5.663" /><testcase classname="tests.unit.test_models" name="test_records_class_participants" time="4.641" /><testcase classname="tests.unit.test_models" name="test_records_class_appointments" time="4.247" /><testcase classname="tests.unit.test_models" name="test_records_class_questionnaires" time="6.732" /><testcase classname="tests.unit.test_utils" name="test_fmt_percentage" time="0.002" /><testcase classname="tests.unit.test_utils" name="test_fmt_taxi_isbooked" time="0.001" /><testcase classname="tests.unit.test_utils" name="test_is_in_data_dict" time="0.730" /><testcase classname="tests.unit.test_utils" name="test_get_year_weeks" time="0.001" /><testcase classname="tests.unit.test_utils" name="test_get_week_n" time="0.002" /><testcase classname="tests.unit.test_utils" name="test_get_weekly_apts" time="8.539" /></testsuite></testsuites>