============================= test session starts =============================
platform win32 -- Python 3.12.9, pytest-8.3.4, pluggy-1.5.0
benchmark: 5.1.0 (defaults: timer=time.perf_counter disable_gc=False min_rounds=5 min_time=0.000005 max_time=1.0 calibration_precision=10 warmup=False warmup_iterations=100000)
rootdir: D:\a\babylab-redcap\babylab-redcap
configfile: pyproject.toml
plugins: benchmark-5.1.0, cov-6.0.0, flask-1.3.0
collected 62 items

tests\functional\test_appointments.py ......                             [  9%]
tests\functional\test_general.py ........                                [ 22%]
tests\functional\test_participants.py ......                             [ 32%]
tests\functional\test_questionnaires.py ......                           [ 41%]
tests\unit\test_api.py ...................                               [ 72%]
tests\unit\test_calendar.py .                                            [ 74%]
tests\unit\test_models.py ..........                                     [ 90%]
tests\unit\test_utils.py ......                                          [100%]

------ generated xml file: D:\a\babylab-redcap\babylab-redcap\pytest.xml ------

---------- coverage: platform win32, python 3.12.9-final-0 -----------
Name                                   Stmts   Miss Branch BrPart  Cover   Missing
----------------------------------------------------------------------------------
babylab\app\__init__.py                   20      1      2      1    91%   13
babylab\app\config.py                     61     17     10      3    66%   15-16, 23-24, 34-41, 44, 94-95, 105-106
babylab\app\routes\appointments.py        98     13     10      3    85%   114-123, 136->138, 167-169, 180->182, 219-221
babylab\app\routes\general.py            141     18     20      3    87%   202, 207, 212, 230-231, 247->249, 250, 322-324, 331-335, 341-343, 348
babylab\app\routes\participants.py       112     14     14      3    87%   188->194, 211-218, 269-271, 281->283, 322-324
babylab\app\routes\questionnaires.py      88     13     10      3    84%   102-111, 123->125, 162-164, 176->178, 210-212
babylab\src\api.py                       285     27     76      2    88%   29, 308-311, 403-404, 421-422, 646-683, 728->730
babylab\src\utils.py                     177      8     84      6    94%   106, 151, 181->183, 258, 320, 356, 405, 468-469
tests\unit\test_api.py                   149      7      2      0    94%   232-240
tests\unit\test_utils.py                  42      2      0      0    95%   61-64
tests\utils.py                            94      4     14      1    94%   312-315, 321->323
----------------------------------------------------------------------------------
TOTAL                                   1581    124    242     25    91%

13 files skipped due to complete coverage.


---------------------------------------------------------------------------------------------------------- benchmark: 7 tests ----------------------------------------------------------------------------------------------------------
Name (time in us)                     Min                       Max                      Mean                  StdDev                    Median                       IQR            Outliers          OPS            Rounds  Iterations
----------------------------------------------------------------------------------------------------------------------------------------------------------------------------------------------------------------------------------------
test_get_age                      10.6000 (1.0)            146.0000 (1.0)             11.6235 (1.0)            2.6240 (1.0)             11.2000 (1.0)              0.6000 (1.0)      388;1079  86,032.6422 (1.0)       16314           1
test_get_participant         404,973.6000 (>1000.0)    472,327.1000 (>1000.0)    444,828.4600 (>1000.0)   31,044.7043 (>1000.0)    458,374.0000 (>1000.0)     55,466.2250 (>1000.0)       1;0       2.2481 (0.00)          5           1
test_get_data_dict           479,019.6000 (>1000.0)    594,378.9000 (>1000.0)    529,365.0800 (>1000.0)   47,042.7722 (>1000.0)    506,434.0000 (>1000.0)     70,336.6500 (>1000.0)       2;0       1.8891 (0.00)          5           1
test_get_questionnaire       695,198.2000 (>1000.0)    852,293.0000 (>1000.0)    760,489.9000 (>1000.0)   58,769.0009 (>1000.0)    754,826.3000 (>1000.0)     70,648.0000 (>1000.0)       2;0       1.3149 (0.00)          5           1
test_get_appointment         761,715.8000 (>1000.0)    936,178.8000 (>1000.0)    840,775.8400 (>1000.0)   63,137.1281 (>1000.0)    833,110.6000 (>1000.0)     67,251.2500 (>1000.0)       2;0       1.1894 (0.00)          5           1
test_get_records           3,416,076.9000 (>1000.0)  5,220,220.0000 (>1000.0)  4,285,345.3400 (>1000.0)  749,691.3331 (>1000.0)  3,967,768.4000 (>1000.0)  1,190,408.2750 (>1000.0)       2;0       0.2334 (0.00)          5           1
test_redcap_backup         5,157,320.9000 (>1000.0)  7,115,061.1000 (>1000.0)  5,843,042.1400 (>1000.0)  792,308.9869 (>1000.0)  5,769,267.5000 (>1000.0)  1,056,650.9000 (>1000.0)       1;0       0.1711 (0.00)          5           1
----------------------------------------------------------------------------------------------------------------------------------------------------------------------------------------------------------------------------------------

Legend:
  Outliers: 1 Standard Deviation from Mean; 1.5 IQR (InterQuartile Range) from 1st Quartile and 3rd Quartile.
  OPS: Operations Per Second, computed as 1 / Mean
======================= 62 passed in 577.19s (0:09:37) ========================
